<?xml version="1.0" encoding="UTF-8"?>
<!-- Generated by org.testng.reporters.JUnitReportReporter -->
<testsuite hostname="Admin-PC" name="com.Newtours.Project.Testcases.Welcome_Test" tests="1" failures="0" timestamp="1 Nov 2018 03:27:22 GMT" time="12.864" errors="0">
  <testcase name="click_RegisterLink_welcomePage" time="12.864" classname="com.Newtours.Project.Testcases.Welcome_Test"/>
</testsuite> <!-- com.Newtours.Project.Testcases.Welcome_Test -->
